11:07:46 NOTE  title :Individuals Count of Events
11:07:46 NOTE  xlabels :['00: Christopher Sims', '01: Kieran Norris', '02: Kian Wade', '03: Katie Curtis', '04: Anthony Rowley', '05: Jamie Howarth', '06: Leo Thomson', '07: Tegan Stone', '08: Courtney Rees', '09: Jennifer Marshall', '10: Finlay Whitehead', '11: Muhammad Ashton', '12: Muhammad Hunt', '13: Elizabeth Winter', '14: Thomas Farmer', '15: John Cook', '16: Cameron Curtis', '17: Zak Sims', '18: Sofia Kerr', '19: Harry Sanderson', '20: Kiera Brooks', '21: Samuel Short', '22: Daniel Fraser', '23: Daniel Browne', '24: Alice Metcalfe', '25: Isaac Pearson', '26: Olivia Sutton', '27: Harry Ryan', '28: Lucas Lowe', '29: Eleanor Griffiths', '30: Evie Sanderson', '31: Alexandra Miller', '32: Charlie Chamberlain', '33: Josh Brady', '34: Victoria Sharpe', '35: Ben Carr', '36: Brooke Yates', '37: Hayden Riley', '38: Leon Horton', '39: Amy Lawson', '40: Brandon Cooper', '41: Emma Carroll', '42: Alice Gibson', '43: Libby Abbott', '44: Christopher Shah', '45: Joseph Duffy', '46: Imogen Howarth', '47: Ryan Leach', '48: Tia Vincent', '49: Laura Griffin', '50: Muhammad Daniels']
11:07:46 NOTE  ylabels :['MichaelJourney:WaitToSeeGP', 'MichaelJourney:GPvisit', 'MichaelJourney:Wait4Pharmacy', 'MichaelJourney:PharmacyVisit', 'MichaelJourney:Wait4Park', 'MichaelJourney:ParrkVisit', 'MichaelJourney:Wait4Ambulance', 'MichaelJourney:AmbulanceTrip', 'MichaelJourney:Wiat4ED', 'MichaelJourney:EmergencyDept', 'MichaelJourney:Wait4Ward', 'MichaelJourney:Admit2Ward', 'MichaelJourney:Wait4Prepare4Discharge', 'MichaelJourney:Prepare4Discharge', 'MichaelJourney:Wait4Discharge', 'MichaelJourney:Discharge', 'MichaelJourney:Wait4PHR', 'MichaelJourney:UpdatePHR', 'MichaelJourney:Wait4OPMakeAppt', 'MichaelJourney:CreateOutpatientAppt', 'MichaelJourney:Wait4OutpatientAppt', 'MichaelJourney:AttendOutpatients', 'MichaelJourney:Finish']
11:07:46 NOTE  data :{'index': array([1030,  214,  520, ...,  951,  747, 1104]), 'Pathway:Node': array(['MichaelJourney:Wait4OutpatientAppt', 'MichaelJourney:Wait4Park',
       'MichaelJourney:Wait4Ward', ..., 'MichaelJourney:Wait4OPMakeAppt',
       'MichaelJourney:Wait4Discharge',
       'MichaelJourney:AttendOutpatients'], dtype=object), 'Person': array(['00: Christopher Sims', '00: Christopher Sims',
       '00: Christopher Sims', ..., '50: Muhammad Daniels',
       '50: Muhammad Daniels', '50: Muhammad Daniels'], dtype=object), 'Count': array([1, 1, 1, ..., 1, 1, 1]), 'ScaledSize': array([15., 15., 15., ..., 15., 15., 15.])}
11:07:46 NOTE  title :Events by Decade
11:07:46 NOTE  xlabels :['1930', '1940', '1950', '1960', '1970', '1980', '1990', '2000', '2010']
11:07:46 NOTE  ylabels :['MichaelJourney:WaitToSeeGP', 'MichaelJourney:GPvisit', 'MichaelJourney:Wait4Pharmacy', 'MichaelJourney:PharmacyVisit', 'MichaelJourney:Wait4Park', 'MichaelJourney:ParrkVisit', 'MichaelJourney:Wait4Ambulance', 'MichaelJourney:AmbulanceTrip', 'MichaelJourney:Wiat4ED', 'MichaelJourney:EmergencyDept', 'MichaelJourney:Wait4Ward', 'MichaelJourney:Admit2Ward', 'MichaelJourney:Wait4Prepare4Discharge', 'MichaelJourney:Prepare4Discharge', 'MichaelJourney:Wait4Discharge', 'MichaelJourney:Discharge', 'MichaelJourney:Wait4PHR', 'MichaelJourney:UpdatePHR', 'MichaelJourney:Wait4OPMakeAppt', 'MichaelJourney:CreateOutpatientAppt', 'MichaelJourney:Wait4OutpatientAppt', 'MichaelJourney:AttendOutpatients', 'MichaelJourney:Finish']
11:07:46 NOTE  data :{'index': array([  0,   1,   2,   3,   4,   5,   6,   7,   8,   9,  10,  11,  12,
        13,  14,  15,  16,  17,  18,  19,  20,  21,  22,  23,  24,  25,
        26,  27,  28,  29,  30,  31,  32,  33,  34,  35,  36,  37,  38,
        39,  40,  41,  42,  43,  44,  45,  46,  47,  48,  49,  50,  51,
        52,  53,  54,  55,  56,  57,  58,  59,  60,  61,  62,  63,  64,
        65,  66,  67,  68,  69,  70,  71,  72,  73,  74,  75,  76,  77,
        78,  79,  80,  81,  82,  83,  84,  85,  86,  87,  88,  89,  90,
        91,  92,  93,  94,  95,  96,  97,  98,  99, 100, 101, 102, 103,
       104, 105, 106, 107, 108, 109, 110, 111, 112, 113, 114, 115, 116,
       117, 118, 119, 120, 121, 122, 123, 124, 125, 126, 127, 128, 129,
       130, 131, 132, 133, 134, 135, 136, 137, 138, 139, 140, 141, 142,
       143, 144, 145, 146, 147, 148, 149, 150, 151, 152, 153, 154, 155,
       156, 157, 158, 159, 160, 161, 162, 163, 164, 165, 166, 167, 168,
       169, 170, 171, 172, 173, 174, 175, 176, 177, 178, 179, 180, 181,
       182, 183, 184, 185, 186, 187, 188, 189, 190, 191, 192, 193, 194,
       195, 196, 197, 198, 199, 200, 201, 202, 203, 204, 205, 206]), 'Pathway:Node': array(['MichaelJourney:WaitToSeeGP', 'MichaelJourney:WaitToSeeGP',
       'MichaelJourney:WaitToSeeGP', 'MichaelJourney:WaitToSeeGP',
       'MichaelJourney:WaitToSeeGP', 'MichaelJourney:WaitToSeeGP',
       'MichaelJourney:WaitToSeeGP', 'MichaelJourney:WaitToSeeGP',
       'MichaelJourney:WaitToSeeGP', 'MichaelJourney:GPvisit',
       'MichaelJourney:GPvisit', 'MichaelJourney:GPvisit',
       'MichaelJourney:GPvisit', 'MichaelJourney:GPvisit',
       'MichaelJourney:GPvisit', 'MichaelJourney:GPvisit',
       'MichaelJourney:GPvisit', 'MichaelJourney:GPvisit',
       'MichaelJourney:Wait4Pharmacy', 'MichaelJourney:Wait4Pharmacy',
       'MichaelJourney:Wait4Pharmacy', 'MichaelJourney:Wait4Pharmacy',
       'MichaelJourney:Wait4Pharmacy', 'MichaelJourney:Wait4Pharmacy',
       'MichaelJourney:Wait4Pharmacy', 'MichaelJourney:Wait4Pharmacy',
       'MichaelJourney:Wait4Pharmacy', 'MichaelJourney:PharmacyVisit',
       'MichaelJourney:PharmacyVisit', 'MichaelJourney:PharmacyVisit',
       'MichaelJourney:PharmacyVisit', 'MichaelJourney:PharmacyVisit',
       'MichaelJourney:PharmacyVisit', 'MichaelJourney:PharmacyVisit',
       'MichaelJourney:PharmacyVisit', 'MichaelJourney:PharmacyVisit',
       'MichaelJourney:Wait4Park', 'MichaelJourney:Wait4Park',
       'MichaelJourney:Wait4Park', 'MichaelJourney:Wait4Park',
       'MichaelJourney:Wait4Park', 'MichaelJourney:Wait4Park',
       'MichaelJourney:Wait4Park', 'MichaelJourney:Wait4Park',
       'MichaelJourney:Wait4Park', 'MichaelJourney:ParrkVisit',
       'MichaelJourney:ParrkVisit', 'MichaelJourney:ParrkVisit',
       'MichaelJourney:ParrkVisit', 'MichaelJourney:ParrkVisit',
       'MichaelJourney:ParrkVisit', 'MichaelJourney:ParrkVisit',
       'MichaelJourney:ParrkVisit', 'MichaelJourney:ParrkVisit',
       'MichaelJourney:Wait4Ambulance', 'MichaelJourney:Wait4Ambulance',
       'MichaelJourney:Wait4Ambulance', 'MichaelJourney:Wait4Ambulance',
       'MichaelJourney:Wait4Ambulance', 'MichaelJourney:Wait4Ambulance',
       'MichaelJourney:Wait4Ambulance', 'MichaelJourney:Wait4Ambulance',
       'MichaelJourney:Wait4Ambulance', 'MichaelJourney:AmbulanceTrip',
       'MichaelJourney:AmbulanceTrip', 'MichaelJourney:AmbulanceTrip',
       'MichaelJourney:AmbulanceTrip', 'MichaelJourney:AmbulanceTrip',
       'MichaelJourney:AmbulanceTrip', 'MichaelJourney:AmbulanceTrip',
       'MichaelJourney:AmbulanceTrip', 'MichaelJourney:AmbulanceTrip',
       'MichaelJourney:Wiat4ED', 'MichaelJourney:Wiat4ED',
       'MichaelJourney:Wiat4ED', 'MichaelJourney:Wiat4ED',
       'MichaelJourney:Wiat4ED', 'MichaelJourney:Wiat4ED',
       'MichaelJourney:Wiat4ED', 'MichaelJourney:Wiat4ED',
       'MichaelJourney:Wiat4ED', 'MichaelJourney:EmergencyDept',
       'MichaelJourney:EmergencyDept', 'MichaelJourney:EmergencyDept',
       'MichaelJourney:EmergencyDept', 'MichaelJourney:EmergencyDept',
       'MichaelJourney:EmergencyDept', 'MichaelJourney:EmergencyDept',
       'MichaelJourney:EmergencyDept', 'MichaelJourney:EmergencyDept',
       'MichaelJourney:Wait4Ward', 'MichaelJourney:Wait4Ward',
       'MichaelJourney:Wait4Ward', 'MichaelJourney:Wait4Ward',
       'MichaelJourney:Wait4Ward', 'MichaelJourney:Wait4Ward',
       'MichaelJourney:Wait4Ward', 'MichaelJourney:Wait4Ward',
       'MichaelJourney:Wait4Ward', 'MichaelJourney:Admit2Ward',
       'MichaelJourney:Admit2Ward', 'MichaelJourney:Admit2Ward',
       'MichaelJourney:Admit2Ward', 'MichaelJourney:Admit2Ward',
       'MichaelJourney:Admit2Ward', 'MichaelJourney:Admit2Ward',
       'MichaelJourney:Admit2Ward', 'MichaelJourney:Admit2Ward',
       'MichaelJourney:Wait4Prepare4Discharge',
       'MichaelJourney:Wait4Prepare4Discharge',
       'MichaelJourney:Wait4Prepare4Discharge',
       'MichaelJourney:Wait4Prepare4Discharge',
       'MichaelJourney:Wait4Prepare4Discharge',
       'MichaelJourney:Wait4Prepare4Discharge',
       'MichaelJourney:Wait4Prepare4Discharge',
       'MichaelJourney:Wait4Prepare4Discharge',
       'MichaelJourney:Wait4Prepare4Discharge',
       'MichaelJourney:Prepare4Discharge',
       'MichaelJourney:Prepare4Discharge',
       'MichaelJourney:Prepare4Discharge',
       'MichaelJourney:Prepare4Discharge',
       'MichaelJourney:Prepare4Discharge',
       'MichaelJourney:Prepare4Discharge',
       'MichaelJourney:Prepare4Discharge',
       'MichaelJourney:Prepare4Discharge',
       'MichaelJourney:Prepare4Discharge',
       'MichaelJourney:Wait4Discharge', 'MichaelJourney:Wait4Discharge',
       'MichaelJourney:Wait4Discharge', 'MichaelJourney:Wait4Discharge',
       'MichaelJourney:Wait4Discharge', 'MichaelJourney:Wait4Discharge',
       'MichaelJourney:Wait4Discharge', 'MichaelJourney:Wait4Discharge',
       'MichaelJourney:Wait4Discharge', 'MichaelJourney:Discharge',
       'MichaelJourney:Discharge', 'MichaelJourney:Discharge',
       'MichaelJourney:Discharge', 'MichaelJourney:Discharge',
       'MichaelJourney:Discharge', 'MichaelJourney:Discharge',
       'MichaelJourney:Discharge', 'MichaelJourney:Discharge',
       'MichaelJourney:Wait4PHR', 'MichaelJourney:Wait4PHR',
       'MichaelJourney:Wait4PHR', 'MichaelJourney:Wait4PHR',
       'MichaelJourney:Wait4PHR', 'MichaelJourney:Wait4PHR',
       'MichaelJourney:Wait4PHR', 'MichaelJourney:Wait4PHR',
       'MichaelJourney:Wait4PHR', 'MichaelJourney:UpdatePHR',
       'MichaelJourney:UpdatePHR', 'MichaelJourney:UpdatePHR',
       'MichaelJourney:UpdatePHR', 'MichaelJourney:UpdatePHR',
       'MichaelJourney:UpdatePHR', 'MichaelJourney:UpdatePHR',
       'MichaelJourney:UpdatePHR', 'MichaelJourney:UpdatePHR',
       'MichaelJourney:Wait4OPMakeAppt', 'MichaelJourney:Wait4OPMakeAppt',
       'MichaelJourney:Wait4OPMakeAppt', 'MichaelJourney:Wait4OPMakeAppt',
       'MichaelJourney:Wait4OPMakeAppt', 'MichaelJourney:Wait4OPMakeAppt',
       'MichaelJourney:Wait4OPMakeAppt', 'MichaelJourney:Wait4OPMakeAppt',
       'MichaelJourney:Wait4OPMakeAppt',
       'MichaelJourney:CreateOutpatientAppt',
       'MichaelJourney:CreateOutpatientAppt',
       'MichaelJourney:CreateOutpatientAppt',
       'MichaelJourney:CreateOutpatientAppt',
       'MichaelJourney:CreateOutpatientAppt',
       'MichaelJourney:CreateOutpatientAppt',
       'MichaelJourney:CreateOutpatientAppt',
       'MichaelJourney:CreateOutpatientAppt',
       'MichaelJourney:CreateOutpatientAppt',
       'MichaelJourney:Wait4OutpatientAppt',
       'MichaelJourney:Wait4OutpatientAppt',
       'MichaelJourney:Wait4OutpatientAppt',
       'MichaelJourney:Wait4OutpatientAppt',
       'MichaelJourney:Wait4OutpatientAppt',
       'MichaelJourney:Wait4OutpatientAppt',
       'MichaelJourney:Wait4OutpatientAppt',
       'MichaelJourney:Wait4OutpatientAppt',
       'MichaelJourney:Wait4OutpatientAppt',
       'MichaelJourney:AttendOutpatients',
       'MichaelJourney:AttendOutpatients',
       'MichaelJourney:AttendOutpatients',
       'MichaelJourney:AttendOutpatients',
       'MichaelJourney:AttendOutpatients',
       'MichaelJourney:AttendOutpatients',
       'MichaelJourney:AttendOutpatients',
       'MichaelJourney:AttendOutpatients',
       'MichaelJourney:AttendOutpatients', 'MichaelJourney:Finish',
       'MichaelJourney:Finish', 'MichaelJourney:Finish',
       'MichaelJourney:Finish', 'MichaelJourney:Finish',
       'MichaelJourney:Finish', 'MichaelJourney:Finish',
       'MichaelJourney:Finish', 'MichaelJourney:Finish'], dtype=object), 'Date': array(['1930', '1940', '1950', '1960', '1970', '1980', '1990', '2000',
       '2010', '1930', '1940', '1950', '1960', '1970', '1980', '1990',
       '2000', '2010', '1930', '1940', '1950', '1960', '1970', '1980',
       '1990', '2000', '2010', '1930', '1940', '1950', '1960', '1970',
       '1980', '1990', '2000', '2010', '1930', '1940', '1950', '1960',
       '1970', '1980', '1990', '2000', '2010', '1930', '1940', '1950',
       '1960', '1970', '1980', '1990', '2000', '2010', '1930', '1940',
       '1950', '1960', '1970', '1980', '1990', '2000', '2010', '1930',
       '1940', '1950', '1960', '1970', '1980', '1990', '2000', '2010',
       '1930', '1940', '1950', '1960', '1970', '1980', '1990', '2000',
       '2010', '1930', '1940', '1950', '1960', '1970', '1980', '1990',
       '2000', '2010', '1930', '1940', '1950', '1960', '1970', '1980',
       '1990', '2000', '2010', '1930', '1940', '1950', '1960', '1970',
       '1980', '1990', '2000', '2010', '1930', '1940', '1950', '1960',
       '1970', '1980', '1990', '2000', '2010', '1930', '1940', '1950',
       '1960', '1970', '1980', '1990', '2000', '2010', '1930', '1940',
       '1950', '1960', '1970', '1980', '1990', '2000', '2010', '1930',
       '1940', '1950', '1960', '1970', '1980', '1990', '2000', '2010',
       '1930', '1940', '1950', '1960', '1970', '1980', '1990', '2000',
       '2010', '1930', '1940', '1950', '1960', '1970', '1980', '1990',
       '2000', '2010', '1930', '1940', '1950', '1960', '1970', '1980',
       '1990', '2000', '2010', '1930', '1940', '1950', '1960', '1970',
       '1980', '1990', '2000', '2010', '1930', '1940', '1950', '1960',
       '1970', '1980', '1990', '2000', '2010', '1930', '1940', '1950',
       '1960', '1970', '1980', '1990', '2000', '2010', '1930', '1940',
       '1950', '1960', '1970', '1980', '1990', '2000', '2010'],
      dtype=object), 'UniqueCount': array([ 2,  3,  7, 10, 10,  6,  4,  2,  7,  2,  3,  7, 10, 10,  6,  4,  2,
        7,  2,  3,  7, 10, 10,  6,  4,  2,  7,  2,  3,  7, 10, 10,  6,  4,
        2,  7,  2,  3,  7, 10, 10,  6,  4,  2,  7,  2,  3,  7, 10, 10,  6,
        4,  2,  7,  2,  3,  7, 10, 10,  6,  4,  2,  7,  2,  3,  7, 10, 10,
        6,  4,  2,  7,  2,  3,  7, 10, 10,  6,  4,  2,  7,  2,  3,  7, 10,
       10,  6,  4,  2,  7,  2,  3,  7, 10, 10,  6,  4,  2,  7,  2,  3,  7,
       10, 10,  6,  4,  2,  7,  2,  3,  7, 10, 10,  6,  4,  2,  7,  2,  3,
        7, 10, 10,  6,  4,  2,  7,  2,  3,  7, 10, 10,  6,  4,  2,  7,  2,
        3,  7, 10, 10,  6,  4,  2,  7,  2,  3,  7, 10, 10,  6,  4,  2,  7,
        2,  3,  7, 10, 10,  6,  4,  2,  7,  2,  3,  7, 10, 10,  6,  4,  2,
        7,  2,  3,  7, 10, 10,  6,  4,  2,  7,  2,  3,  7, 10, 10,  6,  4,
        2,  7,  2,  3,  7, 10, 10,  6,  4,  2,  7,  2,  3,  7, 10, 10,  6,
        4,  2,  7]), 'ScaledSize': array([ 6.,  9., 21., 30., 30., 18., 12.,  6., 21.,  6.,  9., 21., 30.,
       30., 18., 12.,  6., 21.,  6.,  9., 21., 30., 30., 18., 12.,  6.,
       21.,  6.,  9., 21., 30., 30., 18., 12.,  6., 21.,  6.,  9., 21.,
       30., 30., 18., 12.,  6., 21.,  6.,  9., 21., 30., 30., 18., 12.,
        6., 21.,  6.,  9., 21., 30., 30., 18., 12.,  6., 21.,  6.,  9.,
       21., 30., 30., 18., 12.,  6., 21.,  6.,  9., 21., 30., 30., 18.,
       12.,  6., 21.,  6.,  9., 21., 30., 30., 18., 12.,  6., 21.,  6.,
        9., 21., 30., 30., 18., 12.,  6., 21.,  6.,  9., 21., 30., 30.,
       18., 12.,  6., 21.,  6.,  9., 21., 30., 30., 18., 12.,  6., 21.,
        6.,  9., 21., 30., 30., 18., 12.,  6., 21.,  6.,  9., 21., 30.,
       30., 18., 12.,  6., 21.,  6.,  9., 21., 30., 30., 18., 12.,  6.,
       21.,  6.,  9., 21., 30., 30., 18., 12.,  6., 21.,  6.,  9., 21.,
       30., 30., 18., 12.,  6., 21.,  6.,  9., 21., 30., 30., 18., 12.,
        6., 21.,  6.,  9., 21., 30., 30., 18., 12.,  6., 21.,  6.,  9.,
       21., 30., 30., 18., 12.,  6., 21.,  6.,  9., 21., 30., 30., 18.,
       12.,  6., 21.,  6.,  9., 21., 30., 30., 18., 12.,  6., 21.])}
11:07:46 NOTE  title :Individuals Events Over Time
11:07:46 NOTE  xlabels :None
11:07:46 NOTE  ylabels :['MichaelJourney:WaitToSeeGP', 'MichaelJourney:GPvisit', 'MichaelJourney:Wait4Pharmacy', 'MichaelJourney:PharmacyVisit', 'MichaelJourney:Wait4Park', 'MichaelJourney:ParrkVisit', 'MichaelJourney:Wait4Ambulance', 'MichaelJourney:AmbulanceTrip', 'MichaelJourney:Wiat4ED', 'MichaelJourney:EmergencyDept', 'MichaelJourney:Wait4Ward', 'MichaelJourney:Admit2Ward', 'MichaelJourney:Wait4Prepare4Discharge', 'MichaelJourney:Prepare4Discharge', 'MichaelJourney:Wait4Discharge', 'MichaelJourney:Discharge', 'MichaelJourney:Wait4PHR', 'MichaelJourney:UpdatePHR', 'MichaelJourney:Wait4OPMakeAppt', 'MichaelJourney:CreateOutpatientAppt', 'MichaelJourney:Wait4OutpatientAppt', 'MichaelJourney:AttendOutpatients', 'MichaelJourney:Finish']
11:07:46 NOTE  data :{'index': array([   0,    1,    2, ..., 1170, 1171, 1172]), 'Pathway:Node': array(['MichaelJourney:WaitToSeeGP', 'MichaelJourney:WaitToSeeGP',
       'MichaelJourney:WaitToSeeGP', ..., 'MichaelJourney:Finish',
       'MichaelJourney:Finish', 'MichaelJourney:Finish'], dtype=object), 'Date': array(['1930-05-26T00:00:00.000000000', '1936-08-04T00:00:00.000000000',
       '1940-07-15T00:00:00.000000000', ...,
       '2017-08-30T13:52:00.000000000', '2017-09-06T17:11:00.000000000',
       '2019-04-08T01:07:00.000000000'], dtype='datetime64[ns]'), 'PID': array(['32', '39', '17', ..., '10', '23', '4'], dtype=object)}
