11:07:25 00001 INFO: Starting...
11:07:25 00111 INFO: Creating 50 patients.
11:07:25 00112 INFO: Reading file: FakeNameGeneratorShr.csv.
11:07:25 00113 INFO: Found name generator file: FakeNameGeneratorShr.csv
11:07:25 00112 INFO: Reading file: PopulationStatistics.csv.
11:07:25 00113 INFO: Found domain statistics file: PopulationStatistics.csv
11:07:25 00112 INFO: Reading file: ShrewsburyStats.csv.
11:07:25 00113 INFO: Found area statistics file: ShrewsburyStats.csv
11:07:25 00114 INFO: Dealing with area type: Ward
11:07:28 00101 INFO: Adding pathway file 'MichaelJourney.bpmn' to validation list
11:07:28 00101 INFO: Adding pathway file 'ChildGender.dmn' to validation list
11:07:28 00101 INFO: Adding pathway file 'GPVisit.dmn' to validation list
11:07:28 00115 INFO: Files validated for information items. Checking files dependencies...
11:07:28 00107 INFO: Validating pathways.
11:07:28 00108 INFO: Importing pathway file Resources/Files/Pathway/BPMN/MichaelJourney.bpmn
11:07:28 00109 INFO: Pathways validated.
11:07:28 00110 INFO: Importing pathways successful.
11:07:28 NOTE  person being put onto pathway :32 : MichaelJourney
11:07:28 NOTE  person being put onto pathway :39 : MichaelJourney
11:07:29 NOTE  person being put onto pathway :17 : MichaelJourney
11:07:29 NOTE  person being put onto pathway :21 : MichaelJourney
11:07:30 NOTE  person being put onto pathway :2 : MichaelJourney
11:07:30 NOTE  person being put onto pathway :6 : MichaelJourney
11:07:30 NOTE  person being put onto pathway :36 : MichaelJourney
11:07:31 NOTE  person being put onto pathway :48 : MichaelJourney
11:07:31 NOTE  person being put onto pathway :38 : MichaelJourney
11:07:32 NOTE  person being put onto pathway :34 : MichaelJourney
11:07:32 NOTE  person being put onto pathway :0 : MichaelJourney
11:07:32 NOTE  person being put onto pathway :44 : MichaelJourney
11:07:33 NOTE  person being put onto pathway :45 : MichaelJourney
11:07:33 NOTE  person being put onto pathway :25 : MichaelJourney
11:07:33 NOTE  person being put onto pathway :5 : MichaelJourney
11:07:34 NOTE  person being put onto pathway :28 : MichaelJourney
11:07:34 NOTE  person being put onto pathway :31 : MichaelJourney
11:07:34 NOTE  person being put onto pathway :1 : MichaelJourney
11:07:35 NOTE  person being put onto pathway :33 : MichaelJourney
11:07:35 NOTE  person being put onto pathway :20 : MichaelJourney
11:07:35 NOTE  person being put onto pathway :27 : MichaelJourney
11:07:36 NOTE  person being put onto pathway :3 : MichaelJourney
11:07:36 NOTE  person being put onto pathway :40 : MichaelJourney
11:07:37 NOTE  person being put onto pathway :12 : MichaelJourney
11:07:37 NOTE  person being put onto pathway :11 : MichaelJourney
11:07:37 NOTE  person being put onto pathway :42 : MichaelJourney
11:07:37 NOTE  person being put onto pathway :26 : MichaelJourney
11:07:38 NOTE  person being put onto pathway :14 : MichaelJourney
11:07:38 NOTE  person being put onto pathway :29 : MichaelJourney
11:07:38 NOTE  person being put onto pathway :9 : MichaelJourney
11:07:39 NOTE  person being put onto pathway :7 : MichaelJourney
11:07:39 NOTE  person being put onto pathway :35 : MichaelJourney
11:07:39 NOTE  person being put onto pathway :13 : MichaelJourney
11:07:40 NOTE  person being put onto pathway :50 : MichaelJourney
11:07:40 NOTE  person being put onto pathway :22 : MichaelJourney
11:07:40 NOTE  person being put onto pathway :24 : MichaelJourney
11:07:41 NOTE  person being put onto pathway :46 : MichaelJourney
11:07:41 NOTE  person being put onto pathway :43 : MichaelJourney
11:07:41 NOTE  person being put onto pathway :37 : MichaelJourney
11:07:42 NOTE  person being put onto pathway :16 : MichaelJourney
11:07:42 NOTE  person being put onto pathway :8 : MichaelJourney
11:07:42 NOTE  person being put onto pathway :49 : MichaelJourney
11:07:43 NOTE  person being put onto pathway :19 : MichaelJourney
11:07:43 NOTE  person being put onto pathway :47 : MichaelJourney
11:07:43 NOTE  person being put onto pathway :15 : MichaelJourney
11:07:43 NOTE  person being put onto pathway :30 : MichaelJourney
11:07:44 NOTE  person being put onto pathway :41 : MichaelJourney
11:07:44 NOTE  person being put onto pathway :18 : MichaelJourney
11:07:45 NOTE  person being put onto pathway :10 : MichaelJourney
11:07:45 NOTE  person being put onto pathway :23 : MichaelJourney
11:07:45 NOTE  person being put onto pathway :4 : MichaelJourney
11:07:45 NOTE  Time elapsed: 20 seconds
